This is pdfTeX, Version 3.141592653-2.6-1.40.26 (TeX Live 2024) (preloaded format=pdflatex 2024.3.19)  20 MAR 2024 13:39
entering extended mode
 restricted \write18 enabled.
 file:line:error style messages enabled.
 %&-line parsing enabled.
**engineer.tex
(./engineer.tex
LaTeX2e <2023-11-01> patch level 1
L3 programming layer <2024-02-20>
(./sprz.cls
Document Class: sprz 2023/10/27 SPRZ
(/usr/local/texlive/2024/texmf-dist/tex/latex/base/report.cls
Document Class: report 2023/05/17 v1.4n Standard LaTeX document class
(/usr/local/texlive/2024/texmf-dist/tex/latex/base/size10.clo
File: size10.clo 2023/05/17 v1.4n Standard LaTeX file (size option)
)
\c@part=\count188
\c@chapter=\count189
\c@section=\count190
\c@subsection=\count191
\c@subsubsection=\count192
\c@paragraph=\count193
\c@subparagraph=\count194
\c@figure=\count195
\c@table=\count196
\abovecaptionskip=\skip48
\belowcaptionskip=\skip49
\bibindent=\dimen140
)
(/usr/local/texlive/2024/texmf-dist/tex/latex/geometry/geometry.sty
Package: geometry 2020/01/02 v5.9 Page Geometry

(/usr/local/texlive/2024/texmf-dist/tex/latex/graphics/keyval.sty
Package: keyval 2022/05/29 v1.15 key=value parser (DPC)
\KV@toks@=\toks17
)
(/usr/local/texlive/2024/texmf-dist/tex/generic/iftex/ifvtex.sty
Package: ifvtex 2019/10/25 v1.7 ifvtex legacy package. Use iftex instead.

(/usr/local/texlive/2024/texmf-dist/tex/generic/iftex/iftex.sty
Package: iftex 2022/02/03 v1.0f TeX engine tests
))
\Gm@cnth=\count197
\Gm@cntv=\count198
\c@Gm@tempcnt=\count199
\Gm@bindingoffset=\dimen141
\Gm@wd@mp=\dimen142
\Gm@odd@mp=\dimen143
\Gm@even@mp=\dimen144
\Gm@layoutwidth=\dimen145
\Gm@layoutheight=\dimen146
\Gm@layouthoffset=\dimen147
\Gm@layoutvoffset=\dimen148
\Gm@dimlist=\toks18
)
(/usr/local/texlive/2024/texmf-dist/tex/latex/listings/listings.sty
\lst@mode=\count266
\lst@gtempboxa=\box51
\lst@token=\toks19
\lst@length=\count267
\lst@currlwidth=\dimen149
\lst@column=\count268
\lst@pos=\count269
\lst@lostspace=\dimen150
\lst@width=\dimen151
\lst@newlines=\count270
\lst@lineno=\count271
\lst@maxwidth=\dimen152

(/usr/local/texlive/2024/texmf-dist/tex/latex/listings/lstpatch.sty
File: lstpatch.sty 2024/02/21 1.10 (Carsten Heinz)
)
(/usr/local/texlive/2024/texmf-dist/tex/latex/listings/lstmisc.sty
File: lstmisc.sty 2024/02/21 1.10 (Carsten Heinz)
\c@lstnumber=\count272
\lst@skipnumbers=\count273
\lst@framebox=\box52
)
(/usr/local/texlive/2024/texmf-dist/tex/latex/listings/listings.cfg
File: listings.cfg 2024/02/21 1.10 listings configuration
))
Package: listings 2024/02/21 1.10 (Carsten Heinz)

(/usr/local/texlive/2024/texmf-dist/tex/latex/xcolor/xcolor.sty
Package: xcolor 2023/11/15 v3.01 LaTeX color extensions (UK)

(/usr/local/texlive/2024/texmf-dist/tex/latex/graphics-cfg/color.cfg
File: color.cfg 2016/01/02 v1.6 sample color configuration
)
Package xcolor Info: Driver file: pdftex.def on input line 274.

(/usr/local/texlive/2024/texmf-dist/tex/latex/graphics-def/pdftex.def
File: pdftex.def 2022/09/22 v1.2b Graphics/color driver for pdftex
)
(/usr/local/texlive/2024/texmf-dist/tex/latex/graphics/mathcolor.ltx)
Package xcolor Info: Model `cmy' substituted by `cmy0' on input line 1350.
Package xcolor Info: Model `hsb' substituted by `rgb' on input line 1354.
Package xcolor Info: Model `RGB' extended on input line 1366.
Package xcolor Info: Model `HTML' substituted by `rgb' on input line 1368.
Package xcolor Info: Model `Hsb' substituted by `hsb' on input line 1369.
Package xcolor Info: Model `tHsb' substituted by `hsb' on input line 1370.
Package xcolor Info: Model `HSB' substituted by `hsb' on input line 1371.
Package xcolor Info: Model `Gray' substituted by `gray' on input line 1372.
Package xcolor Info: Model `wave' substituted by `hsb' on input line 1373.
)
(/usr/local/texlive/2024/texmf-dist/tex/latex/colortbl/colortbl.sty
Package: colortbl 2024/02/20 v1.0g Color table columns (DPC)

(/usr/local/texlive/2024/texmf-dist/tex/latex/tools/array.sty
Package: array 2023/10/16 v2.5g Tabular extension package (FMi)
\col@sep=\dimen153
\ar@mcellbox=\box53
\extrarowheight=\dimen154
\NC@list=\toks20
\extratabsurround=\skip50
\backup@length=\skip51
\ar@cellbox=\box54
)
\everycr=\toks21
\minrowclearance=\skip52
\rownum=\count274
)
(/usr/local/texlive/2024/texmf-dist/tex/latex/algorithms/algorithmic.sty
Package: algorithmic 2009/08/24 v0.1 Document Style `algorithmic'

(/usr/local/texlive/2024/texmf-dist/tex/latex/base/ifthen.sty
Package: ifthen 2022/04/13 v1.1d Standard LaTeX ifthen package (DPC)
)
\c@ALC@unique=\count275
\c@ALC@line=\count276
\c@ALC@rem=\count277
\c@ALC@depth=\count278
\ALC@tlm=\skip53
\algorithmicindent=\skip54
)
(/usr/local/texlive/2024/texmf-dist/tex/latex/base/inputenc.sty
Package: inputenc 2021/02/14 v1.3d Input encoding file
\inpenc@prehook=\toks22
\inpenc@posthook=\toks23
)
(/usr/local/texlive/2024/texmf-dist/tex/latex/polski/polski.sty
Package: polski 2021/08/25 v1.3.6 Polish language package

   Inputenc package detected. Catcodes not changed.
   Switching to Polish text encoding and Polish maths fonts.
(/usr/local/texlive/2024/texmf-dist/tex/latex/base/ot4enc.def
File: ot4enc.def 2021/04/29 v2.0v Standard LaTeX file
Now handling font encoding OT4 ...
... no UTF-8 mapping file for font encoding OT4
)
LaTeX Font Info:    Trying to load font information for OT4+cmr on input line 3
62.

(/usr/local/texlive/2024/texmf-dist/tex/latex/polski/ot4cmr.fd
File: ot4cmr.fd 2008/02/24 v1.2.1 Font defs for fonts PL (MW)
)
LaTeX Font Info:    Overwriting math alphabet `\mathbf' in version `normal'
(Font)                  OT1/cmr/bx/n --> OT4/cmr/bx/n on input line 362.
LaTeX Font Info:    Overwriting math alphabet `\mathsf' in version `normal'
(Font)                  OT1/cmss/m/n --> OT4/cmss/m/n on input line 362.
LaTeX Font Info:    Overwriting math alphabet `\mathit' in version `normal'
(Font)                  OT1/cmr/m/it --> OT4/cmr/m/it on input line 362.
LaTeX Font Info:    Overwriting math alphabet `\mathtt' in version `normal'
(Font)                  OT1/cmtt/m/n --> OT4/cmtt/m/n on input line 362.
LaTeX Font Info:    Overwriting math alphabet `\mathsf' in version `bold'
(Font)                  OT1/cmss/bx/n --> OT4/cmss/bx/n on input line 362.
LaTeX Font Info:    Overwriting math alphabet `\mathit' in version `bold'
(Font)                  OT1/cmr/bx/it --> OT4/cmr/bx/it on input line 362.
LaTeX Font Info:    Encoding `OT1' has changed to `OT4' for symbol font
(Font)              `operators' in the math version `normal' on input line 362.

LaTeX Font Info:    Overwriting symbol font `operators' in version `normal'
(Font)                  OT1/cmr/m/n --> OT4/cmr/m/n on input line 362.
LaTeX Font Info:    Overwriting symbol font `letters' in version `normal'
(Font)                  OML/cmm/m/it --> OML/plm/m/it on input line 362.
LaTeX Font Info:    Overwriting symbol font `symbols' in version `normal'
(Font)                  OMS/cmsy/m/n --> OMS/plsy/m/n on input line 362.
LaTeX Font Info:    Overwriting symbol font `largesymbols' in version `normal'
(Font)                  OMX/cmex/m/n --> OMX/plex/m/n on input line 362.
LaTeX Font Info:    Encoding `OT1' has changed to `OT4' for symbol font
(Font)              `operators' in the math version `bold' on input line 362.
LaTeX Font Info:    Overwriting symbol font `operators' in version `bold'
(Font)                  OT1/cmr/bx/n --> OT4/cmr/bx/n on input line 362.
LaTeX Font Info:    Overwriting symbol font `letters' in version `bold'
(Font)                  OML/cmm/b/it --> OML/plm/b/it on input line 362.
LaTeX Font Info:    Overwriting symbol font `symbols' in version `bold'
(Font)                  OMS/cmsy/b/n --> OMS/plsy/b/n on input line 362.
)
(/usr/local/texlive/2024/texmf-dist/tex/latex/tools/tabularx.sty
Package: tabularx 2023/07/08 v2.11c `tabularx' package (DPC)
\TX@col@width=\dimen155
\TX@old@table=\dimen156
\TX@old@col=\dimen157
\TX@target=\dimen158
\TX@delta=\dimen159
\TX@cols=\count279
\TX@ftn=\toks24
)
(/usr/local/texlive/2024/texmf-dist/tex/latex/url/url.sty
\Urlmuskip=\muskip16
Package: url 2013/09/16  ver 3.4  Verb mode for urls, etc.
)
(/usr/local/texlive/2024/texmf-dist/tex/latex/graphics/graphicx.sty
Package: graphicx 2021/09/16 v1.2d Enhanced LaTeX Graphics (DPC,SPQR)

(/usr/local/texlive/2024/texmf-dist/tex/latex/graphics/graphics.sty
Package: graphics 2022/03/10 v1.4e Standard LaTeX Graphics (DPC,SPQR)

(/usr/local/texlive/2024/texmf-dist/tex/latex/graphics/trig.sty
Package: trig 2021/08/11 v1.11 sin cos tan (DPC)
)
(/usr/local/texlive/2024/texmf-dist/tex/latex/graphics-cfg/graphics.cfg
File: graphics.cfg 2016/06/04 v1.11 sample graphics configuration
)
Package graphics Info: Driver file: pdftex.def on input line 107.
)
\Gin@req@height=\dimen160
\Gin@req@width=\dimen161
)
(/usr/local/texlive/2024/texmf-dist/tex/latex/eso-pic/eso-pic.sty
Package: eso-pic 2023/05/03 v3.0c eso-pic (RN)
\ESO@tempdima=\dimen162
\ESO@tempdimb=\dimen163
)
(/usr/local/texlive/2024/texmf-dist/tex/latex/multirow/multirow.sty
Package: multirow 2021/03/15 v2.8 Span multiple rows of a table
\multirow@colwidth=\skip55
\multirow@cntb=\count280
\multirow@dima=\skip56
\bigstrutjot=\dimen164
))
(/usr/local/texlive/2024/texmf-dist/tex/latex/biblatex/biblatex.sty
Package: biblatex 2023/03/05 v3.19 programmable bibliographies (PK/MW)

(/usr/local/texlive/2024/texmf-dist/tex/generic/pdftexcmds/pdftexcmds.sty
Package: pdftexcmds 2020-06-27 v0.33 Utility functions of pdfTeX for LuaTeX (HO
)

(/usr/local/texlive/2024/texmf-dist/tex/generic/infwarerr/infwarerr.sty
Package: infwarerr 2019/12/03 v1.5 Providing info/warning/error messages (HO)
)
(/usr/local/texlive/2024/texmf-dist/tex/generic/ltxcmds/ltxcmds.sty
Package: ltxcmds 2023-12-04 v1.26 LaTeX kernel commands for general use (HO)
)
Package pdftexcmds Info: \pdf@primitive is available.
Package pdftexcmds Info: \pdf@ifprimitive is available.
Package pdftexcmds Info: \pdfdraftmode found.
)
(/usr/local/texlive/2024/texmf-dist/tex/latex/etoolbox/etoolbox.sty
Package: etoolbox 2020/10/05 v2.5k e-TeX tools for LaTeX (JAW)
\etb@tempcnta=\count281
)
(/usr/local/texlive/2024/texmf-dist/tex/latex/kvoptions/kvoptions.sty
Package: kvoptions 2022-06-15 v3.15 Key value format for package options (HO)

(/usr/local/texlive/2024/texmf-dist/tex/latex/kvsetkeys/kvsetkeys.sty
Package: kvsetkeys 2022-10-05 v1.19 Key value parser (HO)
))
(/usr/local/texlive/2024/texmf-dist/tex/latex/logreq/logreq.sty
Package: logreq 2010/08/04 v1.0 xml request logger
\lrq@indent=\count282

(/usr/local/texlive/2024/texmf-dist/tex/latex/logreq/logreq.def
File: logreq.def 2010/08/04 v1.0 logreq spec v1.0
))
\c@tabx@nest=\count283
\c@listtotal=\count284
\c@listcount=\count285
\c@liststart=\count286
\c@liststop=\count287
\c@citecount=\count288
\c@citetotal=\count289
\c@multicitecount=\count290
\c@multicitetotal=\count291
\c@instcount=\count292
\c@maxnames=\count293
\c@minnames=\count294
\c@maxitems=\count295
\c@minitems=\count296
\c@citecounter=\count297
\c@maxcitecounter=\count298
\c@savedcitecounter=\count299
\c@uniquelist=\count300
\c@uniquename=\count301
\c@refsection=\count302
\c@refsegment=\count303
\c@maxextratitle=\count304
\c@maxextratitleyear=\count305
\c@maxextraname=\count306
\c@maxextradate=\count307
\c@maxextraalpha=\count308
\c@abbrvpenalty=\count309
\c@highnamepenalty=\count310
\c@lownamepenalty=\count311
\c@maxparens=\count312
\c@parenlevel=\count313
\blx@tempcnta=\count314
\blx@tempcntb=\count315
\blx@tempcntc=\count316
\c@blx@maxsection=\count317
\blx@maxsegment@0=\count318
\blx@notetype=\count319
\blx@parenlevel@text=\count320
\blx@parenlevel@foot=\count321
\blx@sectionciteorder@0=\count322
\blx@sectionciteorderinternal@0=\count323
\blx@entrysetcounter=\count324
\blx@biblioinstance=\count325
\labelnumberwidth=\skip57
\labelalphawidth=\skip58
\biblabelsep=\skip59
\bibitemsep=\skip60
\bibnamesep=\skip61
\bibinitsep=\skip62
\bibparsep=\skip63
\bibhang=\skip64
\blx@bcfin=\read2
\blx@bcfout=\write3
\blx@langwohyphens=\language89
\c@mincomprange=\count326
\c@maxcomprange=\count327
\c@mincompwidth=\count328
Package biblatex Info: Trying to load biblatex default data model...
Package biblatex Info: ... file 'blx-dm.def' found.

(/usr/local/texlive/2024/texmf-dist/tex/latex/biblatex/blx-dm.def
File: blx-dm.def 2023/03/05 v3.19 biblatex localization (PK/MW)
)
Package biblatex Info: Trying to load biblatex style data model...
Package biblatex Info: ... file 'numeric.dbx' not found.
Package biblatex Info: Trying to load biblatex custom data model...
Package biblatex Info: ... file 'biblatex-dm.cfg' not found.
\c@afterword=\count329
\c@savedafterword=\count330
\c@annotator=\count331
\c@savedannotator=\count332
\c@author=\count333
\c@savedauthor=\count334
\c@bookauthor=\count335
\c@savedbookauthor=\count336
\c@commentator=\count337
\c@savedcommentator=\count338
\c@editor=\count339
\c@savededitor=\count340
\c@editora=\count341
\c@savededitora=\count342
\c@editorb=\count343
\c@savededitorb=\count344
\c@editorc=\count345
\c@savededitorc=\count346
\c@foreword=\count347
\c@savedforeword=\count348
\c@holder=\count349
\c@savedholder=\count350
\c@introduction=\count351
\c@savedintroduction=\count352
\c@namea=\count353
\c@savednamea=\count354
\c@nameb=\count355
\c@savednameb=\count356
\c@namec=\count357
\c@savednamec=\count358
\c@translator=\count359
\c@savedtranslator=\count360
\c@shortauthor=\count361
\c@savedshortauthor=\count362
\c@shorteditor=\count363
\c@savedshorteditor=\count364
\c@labelname=\count365
\c@savedlabelname=\count366
\c@institution=\count367
\c@savedinstitution=\count368
\c@lista=\count369
\c@savedlista=\count370
\c@listb=\count371
\c@savedlistb=\count372
\c@listc=\count373
\c@savedlistc=\count374
\c@listd=\count375
\c@savedlistd=\count376
\c@liste=\count377
\c@savedliste=\count378
\c@listf=\count379
\c@savedlistf=\count380
\c@location=\count381
\c@savedlocation=\count382
\c@organization=\count383
\c@savedorganization=\count384
\c@origlocation=\count385
\c@savedoriglocation=\count386
\c@origpublisher=\count387
\c@savedorigpublisher=\count388
\c@publisher=\count389
\c@savedpublisher=\count390
\c@language=\count391
\c@savedlanguage=\count392
\c@origlanguage=\count393
\c@savedoriglanguage=\count394
\c@pageref=\count395
\c@savedpageref=\count396
\shorthandwidth=\skip65
\shortjournalwidth=\skip66
\shortserieswidth=\skip67
\shorttitlewidth=\skip68
\shortauthorwidth=\skip69
\shorteditorwidth=\skip70
\locallabelnumberwidth=\skip71
\locallabelalphawidth=\skip72
\localshorthandwidth=\skip73
\localshortjournalwidth=\skip74
\localshortserieswidth=\skip75
\localshorttitlewidth=\skip76
\localshortauthorwidth=\skip77
\localshorteditorwidth=\skip78
Package biblatex Info: Trying to load compatibility code...
Package biblatex Info: ... file 'blx-compat.def' found.

(/usr/local/texlive/2024/texmf-dist/tex/latex/biblatex/blx-compat.def
File: blx-compat.def 2023/03/05 v3.19 biblatex compatibility (PK/MW)
)
Package biblatex Info: Trying to load generic definitions...
Package biblatex Info: ... file 'biblatex.def' found.

(/usr/local/texlive/2024/texmf-dist/tex/latex/biblatex/biblatex.def
File: biblatex.def 2023/03/05 v3.19 biblatex compatibility (PK/MW)
\c@textcitecount=\count397
\c@textcitetotal=\count398
\c@textcitemaxnames=\count399
\c@biburlbigbreakpenalty=\count400
\c@biburlbreakpenalty=\count401
\c@biburlnumpenalty=\count402
\c@biburlucpenalty=\count403
\c@biburllcpenalty=\count404
\biburlbigskip=\muskip17
\biburlnumskip=\muskip18
\biburlucskip=\muskip19
\biburllcskip=\muskip20
\c@smartand=\count405
)
Package biblatex Info: Trying to load bibliography style 'numeric'...
Package biblatex Info: ... file 'numeric.bbx' found.

(/usr/local/texlive/2024/texmf-dist/tex/latex/biblatex/bbx/numeric.bbx
File: numeric.bbx 2023/03/05 v3.19 biblatex bibliography style (PK/MW)
Package biblatex Info: Trying to load bibliography style 'standard'...
Package biblatex Info: ... file 'standard.bbx' found.

(/usr/local/texlive/2024/texmf-dist/tex/latex/biblatex/bbx/standard.bbx
File: standard.bbx 2023/03/05 v3.19 biblatex bibliography style (PK/MW)
\c@bbx:relatedcount=\count406
\c@bbx:relatedtotal=\count407
))
Package biblatex Info: Trying to load citation style 'numeric'...
Package biblatex Info: ... file 'numeric.cbx' found.

(/usr/local/texlive/2024/texmf-dist/tex/latex/biblatex/cbx/numeric.cbx
File: numeric.cbx 2023/03/05 v3.19 biblatex citation style (PK/MW)
Package biblatex Info: Redefining '\cite'.
Package biblatex Info: Redefining '\parencite'.
Package biblatex Info: Redefining '\footcite'.
Package biblatex Info: Redefining '\footcitetext'.
Package biblatex Info: Redefining '\smartcite'.
Package biblatex Info: Redefining '\supercite'.
Package biblatex Info: Redefining '\textcite'.
Package biblatex Info: Redefining '\textcites'.
Package biblatex Info: Redefining '\cites'.
Package biblatex Info: Redefining '\parencites'.
Package biblatex Info: Redefining '\smartcites'.
)
Package biblatex Info: Trying to load configuration file...
Package biblatex Info: ... file 'biblatex.cfg' found.

(/usr/local/texlive/2024/texmf-dist/tex/latex/biblatex/biblatex.cfg
File: biblatex.cfg 
)
Package biblatex Info: Input encoding 'utf8' detected.
Package biblatex Info: Document encoding is UTF8 ....

(/usr/local/texlive/2024/texmf-dist/tex/latex/l3kernel/expl3.sty
Package: expl3 2024-02-20 L3 programming layer (loader) 

(/usr/local/texlive/2024/texmf-dist/tex/latex/l3backend/l3backend-pdftex.def
File: l3backend-pdftex.def 2024-02-20 L3 backend support: PDF output (pdfTeX)
\l__color_backend_stack_int=\count408
\l__pdf_internal_box=\box55
))
Package biblatex Info: ... and expl3
(biblatex)             2024-02-20 L3 programming layer (loader) 
(biblatex)             is new enough (at least 2020/04/06),
(biblatex)             setting 'casechanger=expl3'.

(/usr/local/texlive/2024/texmf-dist/tex/latex/biblatex/blx-case-expl3.sty
(/usr/local/texlive/2024/texmf-dist/tex/latex/l3packages/xparse/xparse.sty
Package: xparse 2024-02-18 L3 Experimental document command parser
)
Package: blx-case-expl3 2023/03/05 v3.19 expl3 case changing code for biblatex
))
(/usr/local/texlive/2024/texmf-dist/tex/latex/base/fontenc.sty
Package: fontenc 2021/04/29 v2.0v Standard LaTeX package
)
\@quotelevel=\count409
\@quotereset=\count410

(/Users/daniel/Repos/pjatk_latex-main/out/engineer.aux)
\openout1 = `engineer.aux'.

LaTeX Font Info:    Checking defaults for OML/cmm/m/it on input line 31.
LaTeX Font Info:    ... okay on input line 31.
LaTeX Font Info:    Checking defaults for OMS/cmsy/m/n on input line 31.
LaTeX Font Info:    ... okay on input line 31.
LaTeX Font Info:    Checking defaults for OT1/cmr/m/n on input line 31.
LaTeX Font Info:    ... okay on input line 31.
LaTeX Font Info:    Checking defaults for T1/cmr/m/n on input line 31.
LaTeX Font Info:    ... okay on input line 31.
LaTeX Font Info:    Checking defaults for TS1/cmr/m/n on input line 31.
LaTeX Font Info:    ... okay on input line 31.
LaTeX Font Info:    Checking defaults for OMX/cmex/m/n on input line 31.
LaTeX Font Info:    ... okay on input line 31.
LaTeX Font Info:    Checking defaults for U/cmr/m/n on input line 31.
LaTeX Font Info:    ... okay on input line 31.
LaTeX Font Info:    Checking defaults for OT4/cmr/m/n on input line 31.
LaTeX Font Info:    ... okay on input line 31.

*geometry* driver: auto-detecting
*geometry* detected driver: pdftex
*geometry* verbose mode - [ preamble ] result:
* driver: pdftex
* paper: a4paper
* layout: <same size as paper>
* layoutoffset:(h,v)=(0.0pt,0.0pt)
* modes: 
* h-part:(L,W,R)=(89.62709pt, 418.25368pt, 89.6271pt)
* v-part:(T,H,B)=(101.40665pt, 591.5302pt, 152.11pt)
* \paperwidth=597.50787pt
* \paperheight=845.04684pt
* \textwidth=418.25368pt
* \textheight=591.5302pt
* \oddsidemargin=17.3571pt
* \evensidemargin=17.3571pt
* \topmargin=-7.86334pt
* \headheight=12.0pt
* \headsep=25.0pt
* \topskip=10.0pt
* \footskip=30.0pt
* \marginparwidth=65.0pt
* \marginparsep=11.0pt
* \columnsep=10.0pt
* \skip\footins=9.0pt plus 4.0pt minus 2.0pt
* \hoffset=0.0pt
* \voffset=0.0pt
* \mag=1000
* \@twocolumnfalse
* \@twosidefalse
* \@mparswitchfalse
* \@reversemarginfalse
* (1in=72.27pt=25.4mm, 1cm=28.453pt)

\c@lstlisting=\count411
(/usr/local/texlive/2024/texmf-dist/tex/context/base/mkii/supp-pdf.mkii
[Loading MPS to PDF converter (version 2006.09.02).]
\scratchcounter=\count412
\scratchdimen=\dimen165
\scratchbox=\box56
\nofMPsegments=\count413
\nofMParguments=\count414
\everyMPshowfont=\toks25
\MPscratchCnt=\count415
\MPscratchDim=\dimen166
\MPnumerator=\count416
\makeMPintoPDFobject=\count417
\everyMPtoPDFconversion=\toks26
) (/usr/local/texlive/2024/texmf-dist/tex/latex/epstopdf-pkg/epstopdf-base.sty
Package: epstopdf-base 2020-01-24 v2.11 Base part for package epstopdf

(/usr/local/texlive/2024/texmf-dist/tex/latex/grfext/grfext.sty
Package: grfext 2019/12/03 v1.3 Manage graphics extensions (HO)

(/usr/local/texlive/2024/texmf-dist/tex/generic/kvdefinekeys/kvdefinekeys.sty
Package: kvdefinekeys 2019-12-19 v1.6 Define keys (HO)
))
Package epstopdf-base Info: Redefining graphics rule for `.eps' on input line 4
85.
Package grfext Info: Graphics extension search list:
(grfext)             [.pdf,.png,.jpg,.mps,.jpeg,.jbig2,.jb2,.PDF,.PNG,.JPG,.JPE
G,.JBIG2,.JB2,.eps]
(grfext)             \AppendGraphicsExtensions on input line 504.
(/usr/local/texlive/2024/texmf-dist/tex/latex/latexconfig/epstopdf-sys.cfg
File: epstopdf-sys.cfg 2010/07/13 v1.3 Configuration of (r)epstopdf for TeX Liv
e
))
Package biblatex Info: Trying to load language 'english'...
Package biblatex Info: ... file 'english.lbx' found.

(/usr/local/texlive/2024/texmf-dist/tex/latex/biblatex/lbx/english.lbx
File: english.lbx 2023/03/05 v3.19 biblatex localization (PK/MW)
)
Package biblatex Info: Input encoding 'utf8' detected.
Package biblatex Info: Automatic encoding selection.
(biblatex)             Assuming data encoding 'utf8'.
\openout3 = `engineer.bcf'.

Package biblatex Info: Trying to load bibliographic data...
Package biblatex Info: ... file 'engineer.bbl' not found.

No file engineer.bbl.
Package biblatex Info: Reference section=0 on input line 31.
Package biblatex Info: Reference segment=0 on input line 31.
<sprz/pjatk.png, id=1, 1204.5pt x 630.355pt>
File: sprz/pjatk.png Graphic file (type png)
<use sprz/pjatk.png>
Package pdftex.def Info: sprz/pjatk.png  used on input line 33.
(pdftex.def)             Requested size: 334.60422pt x 175.11313pt.
(/usr/local/texlive/2024/texmf-dist/tex/latex/polski/omlplm.fd)
(/usr/local/texlive/2024/texmf-dist/tex/latex/polski/omsplsy.fd)
(/usr/local/texlive/2024/texmf-dist/tex/latex/polski/omxplex.fd) [1

{/usr/local/texlive/2024/texmf-var/fonts/map/pdftex/updmap/pdftex.map}{/usr/loc
al/texlive/2024/texmf-dist/fonts/enc/dvips/cm-super/cm-super-t1.enc} <./sprz/pj
atk.png>]
File: sprz/pjatk.png Graphic file (type png)
<use sprz/pjatk.png>
Package pdftex.def Info: sprz/pjatk.png  used on input line 35.
(pdftex.def)             Requested size: 334.60422pt x 175.11313pt.
LaTeX Font Info:    External font `plex10' loaded for size
(Font)              <10> on input line 35.
LaTeX Font Info:    External font `plex10' loaded for size
(Font)              <7> on input line 35.
LaTeX Font Info:    External font `plex10' loaded for size
(Font)              <5> on input line 35.

Underfull \hbox (badness 10000) in paragraph at lines 35--35
[]\T1/cmr/bx/n/10 Data usta-le-nia
 []


Overfull \hbox (25.19997pt too wide) in paragraph at lines 35--35
 [] 
 []


Underfull \hbox (badness 4673) in paragraph at lines 35--35
[]|\T1/cmr/bx/n/10 Numer al-bu-
 []


Overfull \hbox (24.90573pt too wide) in paragraph at lines 35--35
 [] 
 []

[1] [2] [3] (/Users/daniel/Repos/pjatk_latex-main/out/engineer.toc)
\tf@toc=\write4
\openout4 = `engineer.toc'.

 [4

]
Rozdzia\PlPrIeC {\l } 1.
[5

]
Rozdzia\PlPrIeC {\l } 2.

LaTeX Warning: Citation 'BEHESHTIROUI2021107419' on page 6 undefined on input l
ine 50.


Overfull \hbox (17.72319pt too wide) in paragraph at lines 50--51
\T1/cmr/m/n/10 przy-kªad, je-±li chce-my po-wo-ªa¢ si¦ na ja-kie± ¹ró-dªa, ro-b
i-my to tak [[]]. 
 []

(/usr/local/texlive/2024/texmf-dist/tex/latex/listings/lstlang1.sty
File: lstlang1.sty 2024/02/21 1.10 listings language file
)
(/usr/local/texlive/2024/texmf-dist/tex/latex/listings/lstmisc.sty
File: lstmisc.sty 2024/02/21 1.10 (Carsten Heinz)
)
LaTeX Font Info:    Trying to load font information for T1+cmtt on input line 5
7.

(/usr/local/texlive/2024/texmf-dist/tex/latex/base/t1cmtt.fd
File: t1cmtt.fd 2023/04/13 v2.5m Standard LaTeX font definitions
)
File: sprz/pjatk.png Graphic file (type png)
<use sprz/pjatk.png>
Package pdftex.def Info: sprz/pjatk.png  used on input line 67.
(pdftex.def)             Requested size: 209.12683pt x 109.43849pt.
File: sprz/pjatk.png Graphic file (type png)
<use sprz/pjatk.png>
Package pdftex.def Info: sprz/pjatk.png  used on input line 74.
(pdftex.def)             Requested size: 209.12683pt x 109.43849pt.


LaTeX Warning: `h' float specifier changed to `ht'.

[6

] [7]
Rozdzia\PlPrIeC {\l } 3.
[8

]
Rozdzia\PlPrIeC {\l } 4.

Underfull \hbox (badness 10000) in paragraph at lines 95--95
[]|\T1/cmr/m/n/10 wa»no±¢
 []


Underfull \hbox (badness 10000) in paragraph at lines 95--95
\T1/cmr/m/n/10 wy-ma-
 []


Underfull \hbox (badness 10000) in paragraph at lines 95--95
\T1/cmr/m/n/10 ga-nia,
 []


Underfull \hbox (badness 10000) in paragraph at lines 95--95
\T1/cmr/m/n/10 np. wg
 []


Underfull \hbox (badness 10000) in paragraph at lines 95--95
\T1/cmr/m/n/10 SCoW:
 []


Underfull \hbox (badness 10000) in paragraph at lines 95--95
\T1/cmr/m/n/10 (mu-si
 []


Underfull \hbox (badness 10000) in paragraph at lines 95--95
\T1/cmr/m/n/10 by¢) S
 []


Underfull \hbox (badness 2884) in paragraph at lines 95--95
\T1/cmr/m/n/10 ^^U sho-uld
 []


Underfull \hbox (badness 10000) in paragraph at lines 95--95
\T1/cmr/m/n/10 (po-win-no
 []


Underfull \hbox (badness 10000) in paragraph at lines 95--95
\T1/cmr/m/n/10 by¢) C
 []


Underfull \hbox (badness 10000) in paragraph at lines 95--95
\T1/cmr/m/n/10 ^^U co-uld
 []


Underfull \hbox (badness 10000) in paragraph at lines 95--95
\T1/cmr/m/n/10 (mo-»e
 []


Underfull \hbox (badness 10000) in paragraph at lines 95--95
\T1/cmr/m/n/10 by¢) W
 []


Underfull \hbox (badness 10000) in paragraph at lines 95--95
\T1/cmr/m/n/10 ^^U won't
 []


Underfull \hbox (badness 10000) in paragraph at lines 95--95
\T1/cmr/m/n/10 (nie b¦-
 []


Underfull \hbox (badness 10000) in paragraph at lines 95--95
\T1/cmr/m/n/10 b¦-dzie
 []


Underfull \hbox (badness 10000) in paragraph at lines 95--95
\T1/cmr/m/n/10 im-ple-
 []


Underfull \hbox (badness 10000) in paragraph at lines 95--95
\T1/cmr/m/n/10 men-to-
 []


Underfull \hbox (badness 10000) in paragraph at lines 95--95
\T1/cmr/m/n/10 wa-ne w
 []


Underfull \hbox (badness 10000) in paragraph at lines 95--95
\T1/cmr/m/n/10 da-nym
 []


Underfull \hbox (badness 10000) in paragraph at lines 95--95
\T1/cmr/m/n/10 wy-da-niu,
 []


Underfull \hbox (badness 1442) in paragraph at lines 95--95
\T1/cmr/m/n/10 ale mo-»e
 []


Underfull \hbox (badness 6808) in paragraph at lines 95--95
\T1/cmr/m/n/10 by¢ roz-
 []


Underfull \hbox (badness 10000) in paragraph at lines 95--95
\T1/cmr/m/n/10 pa-trzo-ne
 []


Underfull \hbox (badness 10000) in paragraph at lines 95--95
\T1/cmr/m/n/10 w przy-
 []


LaTeX Warning: `h' float specifier changed to `ht'.


Underfull \hbox (badness 10000) in paragraph at lines 106--106
[]|\T1/cmr/m/n/10 wa»no±¢
 []


Underfull \hbox (badness 10000) in paragraph at lines 106--106
\T1/cmr/m/n/10 wy-ma-
 []


Underfull \hbox (badness 10000) in paragraph at lines 106--106
\T1/cmr/m/n/10 ga-nia,
 []


Underfull \hbox (badness 10000) in paragraph at lines 106--106
\T1/cmr/m/n/10 np. wg
 []


Underfull \hbox (badness 10000) in paragraph at lines 106--106
\T1/cmr/m/n/10 SCoW:
 []


Underfull \hbox (badness 10000) in paragraph at lines 106--106
\T1/cmr/m/n/10 (mu-si
 []


Underfull \hbox (badness 10000) in paragraph at lines 106--106
\T1/cmr/m/n/10 by¢) S
 []


Underfull \hbox (badness 2884) in paragraph at lines 106--106
\T1/cmr/m/n/10 ^^U sho-uld
 []


Underfull \hbox (badness 10000) in paragraph at lines 106--106
\T1/cmr/m/n/10 (po-win-no
 []


Underfull \hbox (badness 10000) in paragraph at lines 106--106
\T1/cmr/m/n/10 by¢) C
 []


Underfull \hbox (badness 10000) in paragraph at lines 106--106
\T1/cmr/m/n/10 ^^U co-uld
 []


Underfull \hbox (badness 10000) in paragraph at lines 106--106
\T1/cmr/m/n/10 (mo-»e
 []


Underfull \hbox (badness 10000) in paragraph at lines 106--106
\T1/cmr/m/n/10 by¢) W
 []


Underfull \hbox (badness 10000) in paragraph at lines 106--106
\T1/cmr/m/n/10 ^^U won't
 []


Underfull \hbox (badness 10000) in paragraph at lines 106--106
\T1/cmr/m/n/10 (nie b¦-
 []


Underfull \hbox (badness 10000) in paragraph at lines 106--106
\T1/cmr/m/n/10 b¦-dzie
 []


Underfull \hbox (badness 10000) in paragraph at lines 106--106
\T1/cmr/m/n/10 im-ple-
 []


Underfull \hbox (badness 10000) in paragraph at lines 106--106
\T1/cmr/m/n/10 men-to-
 []


Underfull \hbox (badness 10000) in paragraph at lines 106--106
\T1/cmr/m/n/10 wa-ne w
 []


Underfull \hbox (badness 10000) in paragraph at lines 106--106
\T1/cmr/m/n/10 da-nym
 []


Underfull \hbox (badness 10000) in paragraph at lines 106--106
\T1/cmr/m/n/10 wy-da-niu,
 []


Underfull \hbox (badness 1442) in paragraph at lines 106--106
\T1/cmr/m/n/10 ale mo-»e
 []


Underfull \hbox (badness 6808) in paragraph at lines 106--106
\T1/cmr/m/n/10 by¢ roz-
 []


Underfull \hbox (badness 10000) in paragraph at lines 106--106
\T1/cmr/m/n/10 pa-trzo-ne
 []


Underfull \hbox (badness 10000) in paragraph at lines 106--106
\T1/cmr/m/n/10 w przy-
 []


LaTeX Warning: Float too large for page by 110.8875pt on input line 125.


LaTeX Warning: `h' float specifier changed to `ht'.


Underfull \hbox (badness 10000) in paragraph at lines 132--132
[]|\T1/cmr/m/n/10 wa»no±¢
 []


Underfull \hbox (badness 10000) in paragraph at lines 132--132
\T1/cmr/m/n/10 wy-ma-
 []


Underfull \hbox (badness 10000) in paragraph at lines 132--132
\T1/cmr/m/n/10 ga-nia,
 []


Underfull \hbox (badness 10000) in paragraph at lines 132--132
\T1/cmr/m/n/10 np. wg
 []


Underfull \hbox (badness 10000) in paragraph at lines 132--132
\T1/cmr/m/n/10 SCoW:
 []


Underfull \hbox (badness 10000) in paragraph at lines 132--132
\T1/cmr/m/n/10 (mu-si
 []


Underfull \hbox (badness 10000) in paragraph at lines 132--132
\T1/cmr/m/n/10 by¢) S
 []


Underfull \hbox (badness 2884) in paragraph at lines 132--132
\T1/cmr/m/n/10 ^^U sho-uld
 []


Underfull \hbox (badness 10000) in paragraph at lines 132--132
\T1/cmr/m/n/10 (po-win-no
 []


Underfull \hbox (badness 10000) in paragraph at lines 132--132
\T1/cmr/m/n/10 by¢) C
 []


Underfull \hbox (badness 10000) in paragraph at lines 132--132
\T1/cmr/m/n/10 ^^U co-uld
 []


Underfull \hbox (badness 10000) in paragraph at lines 132--132
\T1/cmr/m/n/10 (mo-»e
 []


Underfull \hbox (badness 10000) in paragraph at lines 132--132
\T1/cmr/m/n/10 by¢) W
 []


Underfull \hbox (badness 10000) in paragraph at lines 132--132
\T1/cmr/m/n/10 ^^U won't
 []


Underfull \hbox (badness 10000) in paragraph at lines 132--132
\T1/cmr/m/n/10 (nie b¦-
 []


Underfull \hbox (badness 10000) in paragraph at lines 132--132
\T1/cmr/m/n/10 b¦-dzie
 []


Underfull \hbox (badness 10000) in paragraph at lines 132--132
\T1/cmr/m/n/10 im-ple-
 []


Underfull \hbox (badness 10000) in paragraph at lines 132--132
\T1/cmr/m/n/10 men-to-
 []


Underfull \hbox (badness 10000) in paragraph at lines 132--132
\T1/cmr/m/n/10 wa-ne w
 []


Underfull \hbox (badness 10000) in paragraph at lines 132--132
\T1/cmr/m/n/10 da-nym
 []


Underfull \hbox (badness 10000) in paragraph at lines 132--132
\T1/cmr/m/n/10 wy-da-niu,
 []


Underfull \hbox (badness 1442) in paragraph at lines 132--132
\T1/cmr/m/n/10 ale mo-»e
 []


Underfull \hbox (badness 6808) in paragraph at lines 132--132
\T1/cmr/m/n/10 by¢ roz-
 []


Underfull \hbox (badness 10000) in paragraph at lines 132--132
\T1/cmr/m/n/10 pa-trzo-ne
 []


Underfull \hbox (badness 10000) in paragraph at lines 132--132
\T1/cmr/m/n/10 w przy-
 []


LaTeX Warning: Float too large for page by 6.33208pt on input line 143.


LaTeX Warning: `h' float specifier changed to `ht'.


Underfull \hbox (badness 10000) in paragraph at lines 149--149
[]|\T1/cmr/m/n/10 wa»no±¢
 []


Underfull \hbox (badness 10000) in paragraph at lines 149--149
\T1/cmr/m/n/10 wy-ma-
 []


Underfull \hbox (badness 10000) in paragraph at lines 149--149
\T1/cmr/m/n/10 ga-nia,
 []


Underfull \hbox (badness 10000) in paragraph at lines 149--149
\T1/cmr/m/n/10 np. wg
 []


Underfull \hbox (badness 10000) in paragraph at lines 149--149
\T1/cmr/m/n/10 SCoW:
 []


Underfull \hbox (badness 10000) in paragraph at lines 149--149
\T1/cmr/m/n/10 (mu-si
 []


Underfull \hbox (badness 10000) in paragraph at lines 149--149
\T1/cmr/m/n/10 by¢) S
 []


Underfull \hbox (badness 2884) in paragraph at lines 149--149
\T1/cmr/m/n/10 ^^U sho-uld
 []


Underfull \hbox (badness 10000) in paragraph at lines 149--149
\T1/cmr/m/n/10 (po-win-no
 []


Underfull \hbox (badness 10000) in paragraph at lines 149--149
\T1/cmr/m/n/10 by¢) C
 []


Underfull \hbox (badness 10000) in paragraph at lines 149--149
\T1/cmr/m/n/10 ^^U co-uld
 []


Underfull \hbox (badness 10000) in paragraph at lines 149--149
\T1/cmr/m/n/10 (mo-»e
 []


Underfull \hbox (badness 10000) in paragraph at lines 149--149
\T1/cmr/m/n/10 by¢) W
 []


Underfull \hbox (badness 10000) in paragraph at lines 149--149
\T1/cmr/m/n/10 ^^U won't
 []


Underfull \hbox (badness 10000) in paragraph at lines 149--149
\T1/cmr/m/n/10 (nie b¦-
 []


Underfull \hbox (badness 10000) in paragraph at lines 149--149
\T1/cmr/m/n/10 b¦-dzie
 []


Underfull \hbox (badness 10000) in paragraph at lines 149--149
\T1/cmr/m/n/10 im-ple-
 []


Underfull \hbox (badness 10000) in paragraph at lines 149--149
\T1/cmr/m/n/10 men-to-
 []


Underfull \hbox (badness 10000) in paragraph at lines 149--149
\T1/cmr/m/n/10 wa-ne w
 []


Underfull \hbox (badness 10000) in paragraph at lines 149--149
\T1/cmr/m/n/10 da-nym
 []


Underfull \hbox (badness 10000) in paragraph at lines 149--149
\T1/cmr/m/n/10 wy-da-niu,
 []


Underfull \hbox (badness 1442) in paragraph at lines 149--149
\T1/cmr/m/n/10 ale mo-»e
 []


Underfull \hbox (badness 6808) in paragraph at lines 149--149
\T1/cmr/m/n/10 by¢ roz-
 []


Underfull \hbox (badness 10000) in paragraph at lines 149--149
\T1/cmr/m/n/10 pa-trzo-ne
 []


Underfull \hbox (badness 10000) in paragraph at lines 149--149
\T1/cmr/m/n/10 w przy-
 []


Overfull \hbox (2.91045pt too wide) in paragraph at lines 147--155
 [][] 
 []


LaTeX Warning: `h' float specifier changed to `ht'.


LaTeX Warning: Empty bibliography on input line 158.

[9

] [10] [11{/usr/local/texlive/2024/texmf-dist/fonts/enc/dvips/cm-super/cm-super
-ts1.enc}] [12] [13] (/Users/daniel/Repos/pjatk_latex-main/out/engineer.aux)
 ***********
LaTeX2e <2023-11-01> patch level 1
L3 programming layer <2024-02-20>
 ***********


LaTeX Warning: There were undefined references.


Package biblatex Warning: Please (re)run Biber on the file:
(biblatex)                engineer
(biblatex)                and rerun LaTeX afterwards.

Package logreq Info: Writing requests to 'engineer.run.xml'.
\openout1 = `engineer.run.xml'.

 ) 
Here is how much of TeX's memory you used:
 13398 strings out of 474116
 237622 string characters out of 5743682
 1948187 words of memory out of 5000000
 35590 multiletter control sequences out of 15000+600000
 574650 words of font info for 69 fonts, out of 8000000 for 9000
 1141 hyphenation exceptions out of 8191
 72i,14n,84p,1133b,1317s stack positions out of 10000i,1000n,20000p,200000b,200000s
</usr/local/texlive/2024/texmf-dist/fonts/type1/public/cm-super/sfbx1000.pfb>
</usr/local/texlive/2024/texmf-dist/fonts/type1/public/cm-super/sfbx1200.pfb></
usr/local/texlive/2024/texmf-dist/fonts/type1/public/cm-super/sfbx1440.pfb></us
r/local/texlive/2024/texmf-dist/fonts/type1/public/cm-super/sfbx2074.pfb></usr/
local/texlive/2024/texmf-dist/fonts/type1/public/cm-super/sfbx2488.pfb></usr/lo
cal/texlive/2024/texmf-dist/fonts/type1/public/cm-super/sfrm0800.pfb></usr/loca
l/texlive/2024/texmf-dist/fonts/type1/public/cm-super/sfrm1000.pfb></usr/local/
texlive/2024/texmf-dist/fonts/type1/public/cm-super/sfrm1200.pfb></usr/local/te
xlive/2024/texmf-dist/fonts/type1/public/cm-super/sftt0800.pfb>
Output written on /Users/daniel/Repos/pjatk_latex-main/out/engineer.pdf (14 pag
es, 218962 bytes).
PDF statistics:
 103 PDF objects out of 1000 (max. 8388607)
 65 compressed objects within 1 object stream
 0 named destinations out of 1000 (max. 500000)
 6 words of extra memory for PDF output out of 10000 (max. 10000000)

